<?xml version="1.0" encoding="UTF-8"?>
<robot generator="Robot 5.0 (Python 3.9.7 on win32)" generated="20220407 15:34:07.735" rpa="false" schemaversion="3">
<suite id="s1" name="Demo" source="C:\Users\Kirti\PycharmProjects\RoboticFramework\Tests\SampleApp\FunctionTestSuite\Demo.robot">
<test id="s1-t1" name="login page test case" line="11">
<kw name="Log" library="BuiltIn">
<arg>Hello</arg>
<doc>Logs the given message with the given level.</doc>
<msg timestamp="20220407 15:34:07.917" level="INFO">Hello</msg>
<status status="PASS" starttime="20220407 15:34:07.917" endtime="20220407 15:34:07.917"/>
</kw>
<doc>login for user</doc>
<tag>user</tag>
<status status="PASS" starttime="20220407 15:34:07.917" endtime="20220407 15:34:07.919"/>
</test>
<test id="s1-t2" name="Registration page test case" line="16">
<kw name="Log" library="BuiltIn">
<arg>Welcome</arg>
<doc>Logs the given message with the given level.</doc>
<msg timestamp="20220407 15:34:07.919" level="INFO">Welcome</msg>
<status status="PASS" starttime="20220407 15:34:07.919" endtime="20220407 15:34:07.919"/>
</kw>
<doc>registration page for user</doc>
<tag>user</tag>
<status status="PASS" starttime="20220407 15:34:07.919" endtime="20220407 15:34:07.920"/>
</test>
<test id="s1-t3" name="Dashboard test case" line="21">
<kw name="Log" library="BuiltIn">
<arg>Dash</arg>
<doc>Logs the given message with the given level.</doc>
<msg timestamp="20220407 15:34:07.922" level="INFO">Dash</msg>
<status status="PASS" starttime="20220407 15:34:07.922" endtime="20220407 15:34:07.922"/>
</kw>
<doc>dashboard for use</doc>
<status status="PASS" starttime="20220407 15:34:07.921" endtime="20220407 15:34:07.922"/>
</test>
<test id="s1-t4" name="Google test case" line="25">
<kw name="Open Browser" library="SeleniumLibrary">
<arg>${url}</arg>
<arg>chrome</arg>
<doc>Opens a new browser instance to the optional ``url``.</doc>
<msg timestamp="20220407 15:34:07.923" level="INFO">Opening browser 'chrome' to base url 'https://www.google.com/'.</msg>
<status status="PASS" starttime="20220407 15:34:07.923" endtime="20220407 15:34:10.892"/>
</kw>
<kw name="search data">
<kw name="Input Text" library="SeleniumLibrary">
<arg>name:q</arg>
<arg>${search_parameter}</arg>
<doc>Types the given ``text`` into the text field identified by ``locator``.</doc>
<msg timestamp="20220407 15:34:10.894" level="INFO">Typing text 'Harman' into text field 'name:q'.</msg>
<status status="PASS" starttime="20220407 15:34:10.893" endtime="20220407 15:34:11.014"/>
</kw>
<status status="PASS" starttime="20220407 15:34:10.893" endtime="20220407 15:34:11.014"/>
</kw>
<kw name="Submit Form" library="SeleniumLibrary">
<doc>Submits a form identified by ``locator``.</doc>
<msg timestamp="20220407 15:34:11.016" level="INFO">Submitting form 'None'.</msg>
<status status="PASS" starttime="20220407 15:34:11.015" endtime="20220407 15:34:13.497"/>
</kw>
<kw name="Close Browser" library="SeleniumLibrary">
<doc>Closes the current browser.</doc>
<status status="PASS" starttime="20220407 15:34:13.498" endtime="20220407 15:34:15.900"/>
</kw>
<doc>simple google test</doc>
<status status="PASS" starttime="20220407 15:34:07.922" endtime="20220407 15:34:15.903"/>
</test>
<status status="PASS" starttime="20220407 15:34:07.738" endtime="20220407 15:34:15.907"/>
</suite>
<statistics>
<total>
<stat pass="4" fail="0" skip="0">All Tests</stat>
</total>
<tag>
<stat pass="2" fail="0" skip="0">user</stat>
</tag>
<suite>
<stat pass="4" fail="0" skip="0" id="s1" name="Demo">Demo</stat>
</suite>
</statistics>
<errors>
</errors>
</robot>
