<?xml version="1.0" encoding="UTF-8"?>
<robot generator="Robot 5.0 (Python 3.9.7 on win32)" generated="20220407 14:34:38.440" rpa="false" schemaversion="3">
<suite id="s1" name="Demo" source="C:\Users\Kirti\PycharmProjects\RoboticFramework\Tests\SampleApp\FunctionTestSuite\Demo.robot">
<test id="s1-t1" name="login page test case" line="9">
<kw name="Log" library="BuiltIn">
<arg>Hello</arg>
<doc>Logs the given message with the given level.</doc>
<msg timestamp="20220407 14:34:38.614" level="INFO">Hello</msg>
<status status="PASS" starttime="20220407 14:34:38.614" endtime="20220407 14:34:38.614"/>
</kw>
<doc>login for user</doc>
<tag>user</tag>
<status status="PASS" starttime="20220407 14:34:38.613" endtime="20220407 14:34:38.615"/>
</test>
<test id="s1-t2" name="Registration page test case" line="14">
<kw name="Log" library="BuiltIn">
<arg>Welcome</arg>
<doc>Logs the given message with the given level.</doc>
<msg timestamp="20220407 14:34:38.617" level="INFO">Welcome</msg>
<status status="PASS" starttime="20220407 14:34:38.616" endtime="20220407 14:34:38.617"/>
</kw>
<doc>registration page for user</doc>
<tag>user</tag>
<status status="PASS" starttime="20220407 14:34:38.616" endtime="20220407 14:34:38.617"/>
</test>
<test id="s1-t3" name="Dashboard test case" line="19">
<kw name="Log" library="BuiltIn">
<arg>Dash</arg>
<doc>Logs the given message with the given level.</doc>
<msg timestamp="20220407 14:34:38.619" level="INFO">Dash</msg>
<status status="PASS" starttime="20220407 14:34:38.619" endtime="20220407 14:34:38.619"/>
</kw>
<doc>dashboard for use</doc>
<status status="PASS" starttime="20220407 14:34:38.619" endtime="20220407 14:34:38.620"/>
</test>
<test id="s1-t4" name="Google test case" line="23">
<kw name="Open Browser" library="SeleniumLibrary">
<arg>https://www.google.com/</arg>
<arg>chrome</arg>
<doc>Opens a new browser instance to the optional ``url``.</doc>
<msg timestamp="20220407 14:34:38.622" level="INFO">Opening browser 'chrome' to base url 'https://www.google.com/'.</msg>
<status status="PASS" starttime="20220407 14:34:38.622" endtime="20220407 14:34:41.458"/>
</kw>
<kw name="Input Text" library="SeleniumLibrary">
<arg>name:q</arg>
<arg>HARMAN</arg>
<doc>Types the given ``text`` into the text field identified by ``locator``.</doc>
<msg timestamp="20220407 14:34:41.459" level="INFO">Typing text 'HARMAN' into text field 'name:q'.</msg>
<status status="PASS" starttime="20220407 14:34:41.458" endtime="20220407 14:34:41.612"/>
</kw>
<kw name="Submit Form" library="SeleniumLibrary">
<doc>Submits a form identified by ``locator``.</doc>
<msg timestamp="20220407 14:34:41.614" level="INFO">Submitting form 'None'.</msg>
<status status="PASS" starttime="20220407 14:34:41.613" endtime="20220407 14:34:44.253"/>
</kw>
<kw name="Close Browser" library="SeleniumLibrary">
<doc>Closes the current browser.</doc>
<status status="PASS" starttime="20220407 14:34:44.254" endtime="20220407 14:34:46.551"/>
</kw>
<doc>simple google test</doc>
<status status="PASS" starttime="20220407 14:34:38.620" endtime="20220407 14:34:46.552"/>
</test>
<status status="PASS" starttime="20220407 14:34:38.441" endtime="20220407 14:34:46.553"/>
</suite>
<statistics>
<total>
<stat pass="4" fail="0" skip="0">All Tests</stat>
</total>
<tag>
<stat pass="2" fail="0" skip="0">user</stat>
</tag>
<suite>
<stat pass="4" fail="0" skip="0" id="s1" name="Demo">Demo</stat>
</suite>
</statistics>
<errors>
</errors>
</robot>
