<?xml version="1.0" encoding="UTF-8"?>
<robot generator="Robot 5.0 (Python 3.9.7 on win32)" generated="20220407 17:40:41.164" rpa="false" schemaversion="3">
<suite id="s1" name="Shopping" source="C:\Users\Kirti\PycharmProjects\RoboticFramework\Tests\Flipkart\FunctionTestSuite\shopping.robot">
<test id="s1-t1" name="Google search" line="10">
<kw name="start testcase">
<kw name="Open Browser" library="SeleniumLibrary">
<arg>${url}</arg>
<arg>chrome</arg>
<doc>Opens a new browser instance to the optional ``url``.</doc>
<msg timestamp="20220407 17:40:41.382" level="INFO">Opening browser 'chrome' to base url 'https://www.google.com/'.</msg>
<status status="PASS" starttime="20220407 17:40:41.380" endtime="20220407 17:40:44.316"/>
</kw>
<kw name="Maximize Browser Window" library="SeleniumLibrary">
<doc>Maximizes current browser window.</doc>
<status status="PASS" starttime="20220407 17:40:44.316" endtime="20220407 17:40:44.456"/>
</kw>
<status status="PASS" starttime="20220407 17:40:41.380" endtime="20220407 17:40:44.456"/>
</kw>
<kw name="search data">
<kw name="Input Text" library="SeleniumLibrary">
<arg>name:q</arg>
<arg>${search_flipkart}</arg>
<doc>Types the given ``text`` into the text field identified by ``locator``.</doc>
<msg timestamp="20220407 17:40:44.461" level="INFO">Typing text 'Flipkart' into text field 'name:q'.</msg>
<status status="PASS" starttime="20220407 17:40:44.460" endtime="20220407 17:40:44.648"/>
</kw>
<status status="PASS" starttime="20220407 17:40:44.457" endtime="20220407 17:40:44.648"/>
</kw>
<kw name="Submit Form" library="SeleniumLibrary">
<doc>Submits a form identified by ``locator``.</doc>
<msg timestamp="20220407 17:40:44.650" level="INFO">Submitting form 'None'.</msg>
<status status="PASS" starttime="20220407 17:40:44.650" endtime="20220407 17:40:46.864"/>
</kw>
<kw name="Click Element" library="SeleniumLibrary">
<arg>class:LC20lb</arg>
<doc>Click the element identified by ``locator``.</doc>
<msg timestamp="20220407 17:40:46.865" level="INFO">Clicking element 'class:LC20lb'.</msg>
<status status="PASS" starttime="20220407 17:40:46.865" endtime="20220407 17:40:48.855"/>
</kw>
<doc>google search test</doc>
<tag>google</tag>
<status status="PASS" starttime="20220407 17:40:41.379" endtime="20220407 17:40:48.863"/>
</test>
<test id="s1-t2" name="Flipkart product search" line="18">
<kw name="Sleep" library="BuiltIn">
<arg>2s</arg>
<doc>Pauses the test executed for the given time.</doc>
<msg timestamp="20220407 17:40:50.874" level="INFO">Slept 2 seconds</msg>
<status status="PASS" starttime="20220407 17:40:48.866" endtime="20220407 17:40:50.875"/>
</kw>
<kw name="Click Button" library="SeleniumLibrary">
<arg>class:_2KpZ6l</arg>
<doc>Clicks the button identified by ``locator``.</doc>
<msg timestamp="20220407 17:40:50.878" level="INFO">Clicking button 'class:_2KpZ6l'.</msg>
<status status="PASS" starttime="20220407 17:40:50.877" endtime="20220407 17:40:51.114"/>
</kw>
<kw name="search product">
<kw name="Input Text" library="SeleniumLibrary">
<arg>name:q</arg>
<arg>${search_product}</arg>
<doc>Types the given ``text`` into the text field identified by ``locator``.</doc>
<msg timestamp="20220407 17:40:51.116" level="INFO">Typing text 'iphone13' into text field 'name:q'.</msg>
<status status="PASS" starttime="20220407 17:40:51.115" endtime="20220407 17:40:51.382"/>
</kw>
<status status="PASS" starttime="20220407 17:40:51.115" endtime="20220407 17:40:51.383"/>
</kw>
<kw name="Click Button" library="SeleniumLibrary">
<arg>class:L0Z3Pu</arg>
<doc>Clicks the button identified by ``locator``.</doc>
<msg timestamp="20220407 17:40:51.385" level="INFO">Clicking button 'class:L0Z3Pu'.</msg>
<status status="PASS" starttime="20220407 17:40:51.384" endtime="20220407 17:40:51.546"/>
</kw>
<kw name="Sleep" library="BuiltIn">
<arg>2s</arg>
<doc>Pauses the test executed for the given time.</doc>
<msg timestamp="20220407 17:40:53.553" level="INFO">Slept 2 seconds</msg>
<status status="PASS" starttime="20220407 17:40:51.547" endtime="20220407 17:40:53.553"/>
</kw>
<doc>searching products on flipkart</doc>
<tag>flipkart</tag>
<status status="PASS" starttime="20220407 17:40:48.864" endtime="20220407 17:40:53.555"/>
</test>
<test id="s1-t3" name="Flipkart product selection" line="28">
<kw name="Click Element" library="SeleniumLibrary">
<arg>xpath=//html/body/div/div/div[3]/div[1]/div[2]/div[3]/div/div/div/a/div[2]/div[1]/div[1]</arg>
<doc>Click the element identified by ``locator``.</doc>
<msg timestamp="20220407 17:40:53.558" level="INFO">Clicking element 'xpath=//html/body/div/div/div[3]/div[1]/div[2]/div[3]/div/div/div/a/div[2]/div[1]/div[1]'.</msg>
<status status="PASS" starttime="20220407 17:40:53.558" endtime="20220407 17:40:53.688"/>
</kw>
<kw name="Sleep" library="BuiltIn">
<arg>2s</arg>
<doc>Pauses the test executed for the given time.</doc>
<msg timestamp="20220407 17:40:55.697" level="INFO">Slept 2 seconds</msg>
<status status="PASS" starttime="20220407 17:40:53.691" endtime="20220407 17:40:55.697"/>
</kw>
<doc>selecting product</doc>
<tag>flipkart</tag>
<status status="PASS" starttime="20220407 17:40:53.556" endtime="20220407 17:40:55.698"/>
</test>
<test id="s1-t4" name="Flipkart product buy" line="35">
<kw name="Switch Window" library="SeleniumLibrary">
<arg>title:APPLE iPhone 13 ( 128 GB GB Storage, 0 GB RAM ) Online at Best Price On Flipkart.com</arg>
<doc>Switches to browser window matching ``locator``.</doc>
<status status="PASS" starttime="20220407 17:40:55.699" endtime="20220407 17:40:56.258"/>
</kw>
<kw name="Click Button" library="SeleniumLibrary">
<arg>xpath=//html/body/div[1]/div/div[3]/div[1]/div[1]/div[2]/div/ul/li[2]/form/button</arg>
<doc>Clicks the button identified by ``locator``.</doc>
<msg timestamp="20220407 17:40:56.260" level="INFO">Clicking button 'xpath=//html/body/div[1]/div/div[3]/div[1]/div[1]/div[2]/div/ul/li[2]/form/button'.</msg>
<status status="PASS" starttime="20220407 17:40:56.259" endtime="20220407 17:40:56.504"/>
</kw>
<kw name="Sleep" library="BuiltIn">
<arg>5s</arg>
<doc>Pauses the test executed for the given time.</doc>
<msg timestamp="20220407 17:41:01.512" level="INFO">Slept 5 seconds</msg>
<status status="PASS" starttime="20220407 17:40:56.505" endtime="20220407 17:41:01.512"/>
</kw>
<doc>product purchase</doc>
<tag>flipkart</tag>
<status status="PASS" starttime="20220407 17:40:55.699" endtime="20220407 17:41:01.513"/>
</test>
<test id="s1-t5" name="Flipkart user login" line="42">
<kw name="Input Text" library="SeleniumLibrary">
<arg>class:_2IX_2-</arg>
<arg>test@gmail.com</arg>
<doc>Types the given ``text`` into the text field identified by ``locator``.</doc>
<msg timestamp="20220407 17:41:01.519" level="INFO">Typing text 'test@gmail.com' into text field 'class:_2IX_2-'.</msg>
<status status="PASS" starttime="20220407 17:41:01.518" endtime="20220407 17:41:01.679"/>
</kw>
<kw name="Click Button" library="SeleniumLibrary">
<arg>xpath=//html/body/div[1]/div/div[2]/div/div[1]/div[1]/div/div/div/div/div[1]/div/form/div[3]/button</arg>
<doc>Clicks the button identified by ``locator``.</doc>
<msg timestamp="20220407 17:41:01.680" level="INFO">Clicking button 'xpath=//html/body/div[1]/div/div[2]/div/div[1]/div[1]/div/div/div/div/div[1]/div/form/div[3]/button'.</msg>
<status status="PASS" starttime="20220407 17:41:01.680" endtime="20220407 17:41:01.807"/>
</kw>
<kw name="Sleep" library="BuiltIn">
<arg>5s</arg>
<doc>Pauses the test executed for the given time.</doc>
<msg timestamp="20220407 17:41:06.818" level="INFO">Slept 5 seconds</msg>
<status status="PASS" starttime="20220407 17:41:01.809" endtime="20220407 17:41:06.818"/>
</kw>
<kw name="stop testcase">
<kw name="Close Browser" library="SeleniumLibrary">
<doc>Closes the current browser.</doc>
<status status="PASS" starttime="20220407 17:41:06.820" endtime="20220407 17:41:09.201"/>
</kw>
<status status="PASS" starttime="20220407 17:41:06.820" endtime="20220407 17:41:09.201"/>
</kw>
<doc>login</doc>
<tag>flipkart</tag>
<status status="PASS" starttime="20220407 17:41:01.516" endtime="20220407 17:41:09.203"/>
</test>
<status status="PASS" starttime="20220407 17:40:41.166" endtime="20220407 17:41:09.205"/>
</suite>
<statistics>
<total>
<stat pass="5" fail="0" skip="0">All Tests</stat>
</total>
<tag>
<stat pass="4" fail="0" skip="0">flipkart</stat>
<stat pass="1" fail="0" skip="0">google</stat>
</tag>
<suite>
<stat pass="5" fail="0" skip="0" id="s1" name="Shopping">Shopping</stat>
</suite>
</statistics>
<errors>
</errors>
</robot>
